28.04.2022 - 22:59:26 - [TAB v3.1.0] Player placeholder %player_biome_capitalized% generated an error when setting for player _Xedo_
28.04.2022 - 22:59:26 - java.lang.NullPointerException: Cannot invoke "me.clip.placeholderapi.PlaceholderAPIPlugin.getLocalExpansionManager()" because the return value of "me.clip.placeholderapi.PlaceholderAPIPlugin.getInstance()" is null
28.04.2022 - 22:59:26 - 	at PlaceholderAPI-2.11.1.jar//me.clip.placeholderapi.PlaceholderAPI.setPlaceholders(PlaceholderAPI.java:71)
28.04.2022 - 22:59:26 - 	at PlaceholderAPI-2.11.1.jar//me.clip.placeholderapi.PlaceholderAPI.setPlaceholders(PlaceholderAPI.java:98)
28.04.2022 - 22:59:26 - 	at TAB.v3.1.0.jar//me.neznamy.tab.platforms.bukkit.BukkitPlatform.lambda$registerUnknownPlaceholder$2(BukkitPlatform.java:187)
28.04.2022 - 22:59:26 - 	at TAB.v3.1.0.jar//me.neznamy.tab.shared.placeholders.PlayerPlaceholderImpl.request(PlayerPlaceholderImpl.java:114)
28.04.2022 - 22:59:26 - 	at TAB.v3.1.0.jar//me.neznamy.tab.shared.placeholders.PlayerPlaceholderImpl.update(PlayerPlaceholderImpl.java:52)
28.04.2022 - 22:59:26 - 	at TAB.v3.1.0.jar//me.neznamy.tab.shared.features.PlaceholderManagerImpl.updatePlayerPlaceholder(PlaceholderManagerImpl.java:121)
28.04.2022 - 22:59:26 - 	at TAB.v3.1.0.jar//me.neznamy.tab.shared.features.PlaceholderManagerImpl.refresh(PlaceholderManagerImpl.java:67)
28.04.2022 - 22:59:26 - 	at TAB.v3.1.0.jar//me.neznamy.tab.shared.CpuManager.lambda$runMeasuredTask$8(CpuManager.java:353)
28.04.2022 - 22:59:26 - 	at TAB.v3.1.0.jar//me.neznamy.tab.shared.CpuManager.lambda$submit$1(CpuManager.java:115)
28.04.2022 - 22:59:26 - 	at java.base/java.util.concurrent.Executors$RunnableAdapter.call(Executors.java:539)
28.04.2022 - 22:59:26 - 	at java.base/java.util.concurrent.FutureTask.run(FutureTask.java:264)
28.04.2022 - 22:59:26 - 	at java.base/java.util.concurrent.ThreadPoolExecutor.runWorker(ThreadPoolExecutor.java:1136)
28.04.2022 - 22:59:26 - 	at java.base/java.util.concurrent.ThreadPoolExecutor$Worker.run(ThreadPoolExecutor.java:635)
28.04.2022 - 22:59:26 - 	at java.base/java.lang.Thread.run(Thread.java:833)
30.04.2022 - 23:52:49 - [TAB v3.1.0] Player placeholder %player_biome_capitalized% generated an error when setting for player _Xedo_
30.04.2022 - 23:52:49 - java.lang.NullPointerException: Cannot invoke "me.clip.placeholderapi.PlaceholderAPIPlugin.getLocalExpansionManager()" because the return value of "me.clip.placeholderapi.PlaceholderAPIPlugin.getInstance()" is null
30.04.2022 - 23:52:49 - 	at PlaceholderAPI-2.11.1.jar//me.clip.placeholderapi.PlaceholderAPI.setPlaceholders(PlaceholderAPI.java:71)
30.04.2022 - 23:52:49 - 	at PlaceholderAPI-2.11.1.jar//me.clip.placeholderapi.PlaceholderAPI.setPlaceholders(PlaceholderAPI.java:98)
30.04.2022 - 23:52:49 - 	at TAB.v3.1.0.jar//me.neznamy.tab.platforms.bukkit.BukkitPlatform.lambda$registerUnknownPlaceholder$2(BukkitPlatform.java:187)
30.04.2022 - 23:52:49 - 	at TAB.v3.1.0.jar//me.neznamy.tab.shared.placeholders.PlayerPlaceholderImpl.request(PlayerPlaceholderImpl.java:114)
30.04.2022 - 23:52:49 - 	at TAB.v3.1.0.jar//me.neznamy.tab.shared.placeholders.PlayerPlaceholderImpl.update(PlayerPlaceholderImpl.java:52)
30.04.2022 - 23:52:49 - 	at TAB.v3.1.0.jar//me.neznamy.tab.shared.features.PlaceholderManagerImpl.updatePlayerPlaceholder(PlaceholderManagerImpl.java:121)
30.04.2022 - 23:52:49 - 	at TAB.v3.1.0.jar//me.neznamy.tab.shared.features.PlaceholderManagerImpl.refresh(PlaceholderManagerImpl.java:67)
30.04.2022 - 23:52:49 - 	at TAB.v3.1.0.jar//me.neznamy.tab.shared.CpuManager.lambda$runMeasuredTask$8(CpuManager.java:353)
30.04.2022 - 23:52:49 - 	at TAB.v3.1.0.jar//me.neznamy.tab.shared.CpuManager.lambda$submit$1(CpuManager.java:115)
30.04.2022 - 23:52:49 - 	at java.base/java.util.concurrent.Executors$RunnableAdapter.call(Executors.java:539)
30.04.2022 - 23:52:49 - 	at java.base/java.util.concurrent.FutureTask.run(FutureTask.java:264)
30.04.2022 - 23:52:49 - 	at java.base/java.util.concurrent.ThreadPoolExecutor.runWorker(ThreadPoolExecutor.java:1136)
30.04.2022 - 23:52:49 - 	at java.base/java.util.concurrent.ThreadPoolExecutor$Worker.run(ThreadPoolExecutor.java:635)
30.04.2022 - 23:52:49 - 	at java.base/java.lang.Thread.run(Thread.java:833)
01.05.2022 - 00:17:18 - [TAB v3.1.0] Player placeholder %player_biome_capitalized% generated an error when setting for player _Xedo_
01.05.2022 - 00:17:18 - java.lang.NullPointerException: Cannot invoke "me.clip.placeholderapi.PlaceholderAPIPlugin.getLocalExpansionManager()" because the return value of "me.clip.placeholderapi.PlaceholderAPIPlugin.getInstance()" is null
01.05.2022 - 00:17:18 - 	at PlaceholderAPI-2.11.1.jar//me.clip.placeholderapi.PlaceholderAPI.setPlaceholders(PlaceholderAPI.java:71)
01.05.2022 - 00:17:18 - 	at PlaceholderAPI-2.11.1.jar//me.clip.placeholderapi.PlaceholderAPI.setPlaceholders(PlaceholderAPI.java:98)
01.05.2022 - 00:17:18 - 	at TAB.v3.1.0.jar//me.neznamy.tab.platforms.bukkit.BukkitPlatform.lambda$registerUnknownPlaceholder$2(BukkitPlatform.java:187)
01.05.2022 - 00:17:18 - 	at TAB.v3.1.0.jar//me.neznamy.tab.shared.placeholders.PlayerPlaceholderImpl.request(PlayerPlaceholderImpl.java:114)
01.05.2022 - 00:17:18 - 	at TAB.v3.1.0.jar//me.neznamy.tab.shared.placeholders.PlayerPlaceholderImpl.update(PlayerPlaceholderImpl.java:52)
01.05.2022 - 00:17:18 - 	at TAB.v3.1.0.jar//me.neznamy.tab.shared.features.PlaceholderManagerImpl.updatePlayerPlaceholder(PlaceholderManagerImpl.java:121)
01.05.2022 - 00:17:18 - 	at TAB.v3.1.0.jar//me.neznamy.tab.shared.features.PlaceholderManagerImpl.refresh(PlaceholderManagerImpl.java:67)
01.05.2022 - 00:17:18 - 	at TAB.v3.1.0.jar//me.neznamy.tab.shared.CpuManager.lambda$runMeasuredTask$8(CpuManager.java:353)
01.05.2022 - 00:17:18 - 	at TAB.v3.1.0.jar//me.neznamy.tab.shared.CpuManager.lambda$submit$1(CpuManager.java:115)
01.05.2022 - 00:17:18 - 	at java.base/java.util.concurrent.Executors$RunnableAdapter.call(Executors.java:539)
01.05.2022 - 00:17:18 - 	at java.base/java.util.concurrent.FutureTask.run(FutureTask.java:264)
01.05.2022 - 00:17:18 - 	at java.base/java.util.concurrent.ThreadPoolExecutor.runWorker(ThreadPoolExecutor.java:1136)
01.05.2022 - 00:17:18 - 	at java.base/java.util.concurrent.ThreadPoolExecutor$Worker.run(ThreadPoolExecutor.java:635)
01.05.2022 - 00:17:18 - 	at java.base/java.lang.Thread.run(Thread.java:833)
01.05.2022 - 14:11:49 - [TAB v3.1.0] Player placeholder %player_biome_capitalized% generated an error when setting for player _Xedo_
01.05.2022 - 14:11:49 - java.lang.NullPointerException: Cannot invoke "me.clip.placeholderapi.PlaceholderAPIPlugin.getLocalExpansionManager()" because the return value of "me.clip.placeholderapi.PlaceholderAPIPlugin.getInstance()" is null
01.05.2022 - 14:11:49 - 	at PlaceholderAPI-2.11.1.jar//me.clip.placeholderapi.PlaceholderAPI.setPlaceholders(PlaceholderAPI.java:71)
01.05.2022 - 14:11:49 - 	at PlaceholderAPI-2.11.1.jar//me.clip.placeholderapi.PlaceholderAPI.setPlaceholders(PlaceholderAPI.java:98)
01.05.2022 - 14:11:49 - 	at TAB.v3.1.0.jar//me.neznamy.tab.platforms.bukkit.BukkitPlatform.lambda$registerUnknownPlaceholder$2(BukkitPlatform.java:187)
01.05.2022 - 14:11:49 - 	at TAB.v3.1.0.jar//me.neznamy.tab.shared.placeholders.PlayerPlaceholderImpl.request(PlayerPlaceholderImpl.java:114)
01.05.2022 - 14:11:49 - 	at TAB.v3.1.0.jar//me.neznamy.tab.shared.placeholders.PlayerPlaceholderImpl.update(PlayerPlaceholderImpl.java:52)
01.05.2022 - 14:11:49 - 	at TAB.v3.1.0.jar//me.neznamy.tab.shared.features.PlaceholderManagerImpl.updatePlayerPlaceholder(PlaceholderManagerImpl.java:121)
01.05.2022 - 14:11:49 - 	at TAB.v3.1.0.jar//me.neznamy.tab.shared.features.PlaceholderManagerImpl.refresh(PlaceholderManagerImpl.java:67)
01.05.2022 - 14:11:49 - 	at TAB.v3.1.0.jar//me.neznamy.tab.shared.CpuManager.lambda$runMeasuredTask$8(CpuManager.java:353)
01.05.2022 - 14:11:49 - 	at TAB.v3.1.0.jar//me.neznamy.tab.shared.CpuManager.lambda$submit$1(CpuManager.java:115)
01.05.2022 - 14:11:49 - 	at java.base/java.util.concurrent.Executors$RunnableAdapter.call(Executors.java:539)
01.05.2022 - 14:11:49 - 	at java.base/java.util.concurrent.FutureTask.run(FutureTask.java:264)
01.05.2022 - 14:11:49 - 	at java.base/java.util.concurrent.ThreadPoolExecutor.runWorker(ThreadPoolExecutor.java:1136)
01.05.2022 - 14:11:49 - 	at java.base/java.util.concurrent.ThreadPoolExecutor$Worker.run(ThreadPoolExecutor.java:635)
01.05.2022 - 14:11:49 - 	at java.base/java.lang.Thread.run(Thread.java:833)
18.01.2023 - 23:05:52 - [TAB v3.2.2] Player placeholder %player_biome_capitalized% generated an error when setting for player _Xedo_
18.01.2023 - 23:05:52 - java.lang.InterruptedException: null
18.01.2023 - 23:05:52 - 	at java.base/java.util.concurrent.FutureTask.awaitDone(FutureTask.java:471)
18.01.2023 - 23:05:52 - 	at java.base/java.util.concurrent.FutureTask.get(FutureTask.java:203)
18.01.2023 - 23:05:52 - 	at TAB.v3.2.2.jar//me.neznamy.tab.shared.placeholders.PlayerPlaceholderImpl.request(PlayerPlaceholderImpl.java:128)
18.01.2023 - 23:05:52 - 	at TAB.v3.2.2.jar//me.neznamy.tab.shared.placeholders.PlayerPlaceholderImpl.update(PlayerPlaceholderImpl.java:51)
18.01.2023 - 23:05:52 - 	at TAB.v3.2.2.jar//me.neznamy.tab.shared.features.PlaceholderManagerImpl.updatePlayerPlaceholder(PlaceholderManagerImpl.java:117)
18.01.2023 - 23:05:52 - 	at TAB.v3.2.2.jar//me.neznamy.tab.shared.features.PlaceholderManagerImpl.refresh(PlaceholderManagerImpl.java:68)
18.01.2023 - 23:05:52 - 	at TAB.v3.2.2.jar//me.neznamy.tab.shared.CpuManager.lambda$runMeasuredTask$8(CpuManager.java:354)
18.01.2023 - 23:05:52 - 	at TAB.v3.2.2.jar//me.neznamy.tab.shared.CpuManager.lambda$submit$1(CpuManager.java:111)
18.01.2023 - 23:05:52 - 	at java.base/java.util.concurrent.Executors$RunnableAdapter.call(Executors.java:577)
18.01.2023 - 23:05:52 - 	at java.base/java.util.concurrent.FutureTask.run(FutureTask.java:317)
18.01.2023 - 23:05:52 - 	at java.base/java.util.concurrent.ThreadPoolExecutor.runWorker(ThreadPoolExecutor.java:1144)
18.01.2023 - 23:05:52 - 	at java.base/java.util.concurrent.ThreadPoolExecutor$Worker.run(ThreadPoolExecutor.java:642)
18.01.2023 - 23:05:52 - 	at java.base/java.lang.Thread.run(Thread.java:1589)
