[18/01/23, 16:58] [TEMPO SESSIONE DI GIOCO] Nella sua ultima sessione di gioco, _Xedo_ ha giocato per {days::_Xedo_} giorni, {hours::_Xedo_} ore, {minutes::_Xedo_} minuti e {seconds::_Xedo_} secondi.
[18/01/23, 17:00] [TEMPO SESSIONE DI GIOCO] Nella sua ultima sessione di gioco, _Xedo_ ha giocato per {days::_Xedo_} giorni, {hours::_Xedo_} ore, {minutes::_Xedo_} minuti e {seconds::_Xedo_} secondi.
[18/01/23, 17:00] [TEMPO SESSIONE DI GIOCO] Nella sua ultima sessione di gioco, XedoIT ha giocato per {days::XedoIT} giorni, {hours::XedoIT} ore, {minutes::XedoIT} minuti e {seconds::XedoIT} secondi.
[18/01/23, 17:07] [TEMPO SESSIONE DI GIOCO] Nella sua ultima sessione di gioco, _Xedo_ ha giocato per {days::_Xedo_} giorni, {hours::_Xedo_} ore, {minutes::_Xedo_} minuti e {seconds::_Xedo_} secondi.
[18/01/23, 17:08] [TEMPO SESSIONE DI GIOCO] Nella sua ultima sessione di gioco, XedoIT ha giocato per {days::XedoIT} giorni, {hours::XedoIT} ore, {minutes::XedoIT} minuti e {seconds::XedoIT} secondi.
[18/01/23, 17:09] [TEMPO SESSIONE DI GIOCO] Nella sua ultima sessione di gioco, _Xedo_ ha giocato per {days::_Xedo_} giorni, {hours::_Xedo_} ore, {minutes::_Xedo_} minuti e {seconds::_Xedo_} secondi.
[18/01/23, 17:09] [TEMPO SESSIONE DI GIOCO] Nella sua ultima sessione di gioco, XedoIT ha giocato per {days::XedoIT} giorni, {hours::XedoIT} ore, {minutes::XedoIT} minuti e {seconds::XedoIT} secondi.
[18/01/23, 17:53] [TEMPO SESSIONE DI GIOCO] Nella sua ultima sessione di gioco, _Xedo_ ha giocato per {days::_Xedo_} giorni, {hours::_Xedo_} ore, {minutes::_Xedo_} minuti e {seconds::_Xedo_} secondi.
[18/01/23, 18:31] [TEMPO SESSIONE DI GIOCO] Nella sua ultima sessione di gioco, _Xedo_ ha giocato per {days::_Xedo_} giorni, {hours::_Xedo_} ore, {minutes::_Xedo_} minuti e {seconds::_Xedo_} secondi.
[18/01/23, 18:36] [TEMPO SESSIONE DI GIOCO] Nella sua ultima sessione di gioco, _Xedo_ ha giocato per 0 giorni, 0 ore, 6 minuti e 24 secondi.
[18/01/23, 19:18] [PLAYTIME] Nella sua ultima sessione di gioco, _Xedo_ ha giocato per 0 giorni, 0 ore, 39 minuti e 40 secondi.
[18/01/23, 19:31] [PLAYTIME] Nella sua ultima sessione di gioco, _Xedo_ ha giocato per 0 giorni, 0 ore, 2 minuti e 0 secondi.
[18/01/23, 19:31] [PLAYTIME] Nella sua ultima sessione di gioco, _Xedo_ ha giocato per 0 giorni, 0 ore, 0 minuti e 8 secondi.
[18/01/23, 23:21] [PLAYTIME] Nella sua ultima sessione di gioco, _Xedo_ ha giocato per 0 giorni, 2 ore, 51 minuti e 9 secondi.
[19/01/23, 12:31] [PLAYTIME] Nella sua ultima sessione di gioco, XedoIT ha giocato per 0 giorni, 0 ore, 2 minuti e 29 secondi.
[19/01/23, 12:52] [PLAYTIME] Nella sua ultima sessione di gioco, _Xedo_ ha giocato per 0 giorni, 3 ore, 27 minuti e 17 secondi.
[19/01/23, 13:01] [PLAYTIME] Nella sua ultima sessione di gioco, _Xedo_ ha giocato per 0 giorni, 0 ore, 10 minuti e 13 secondi.
[19/01/23, 13:16] [PLAYTIME] Nella sua ultima sessione di gioco, _Xedo_ ha giocato per 0 giorni, 0 ore, 0 minuti e 5 secondi.
[19/01/23, 13:20] [PLAYTIME] Nella sua ultima sessione di gioco, XedoIT ha giocato per 0 giorni, 0 ore, 2 minuti e 34 secondi.
[19/01/23, 14:57] [PLAYTIME] Nella sua ultima sessione di gioco, 0 ha giocato per 0 giorni, 0 ore, 0 minuti e 0 secondi.
[19/01/23, 15:06] [PLAYTIME] Nella sua ultima sessione di gioco, 0 ha giocato per 0 giorni, 0 ore, 0 minuti e 0 secondi.
[19/01/23, 15:11] [PLAYTIME] Nella sua ultima sessione di gioco, 0 ha giocato per 0 giorni, 0 ore, 0 minuti e 0 secondi.
[20/01/23, 22:15] [PLAYTIME] Nella sua ultima sessione di gioco, _Xedo_ ha giocato per 0 giorni, 4 ore, 31 minuti e 28 secondi.
[20/01/23, 23:14] [PLAYTIME] Nella sua ultima sessione di gioco, 0 ha giocato per 0 giorni, 0 ore, 0 minuti e 0 secondi.
[22/01/23, 16:11] [PLAYTIME] Nella sua ultima sessione di gioco, 0 ha giocato per 0 giorni, 0 ore, 0 minuti e 0 secondi.
[24/01/23, 22:00] [PLAYTIME] Nella sua ultima sessione di gioco, 0 ha giocato per 0 giorni, 0 ore, 0 minuti e 0 secondi.
[25/01/23, 14:07] [PLAYTIME] Nella sua ultima sessione di gioco, _EryKa_ ha giocato per 0 giorni, 0 ore, 23 minuti e 43 secondi.
[25/01/23, 14:36] [PLAYTIME] Nella sua ultima sessione di gioco, _EryKa_ ha giocato per 0 giorni, 0 ore, 20 minuti e 59 secondi.
[25/01/23, 14:38] [PLAYTIME] Nella sua ultima sessione di gioco, 0 ha giocato per 0 giorni, 0 ore, 0 minuti e 0 secondi.
