[09/09/22, 19:50] [SKULL] _Xedo_ ha richiesto la testa di "_Xedo_"
[09/09/22, 19:50] [SKULL] _Xedo_ ha richiesto la testa di "Andr3wOnTilt"
[23/12/22, 00:01] [SKULL] _Xedo_ ha richiesto la testa di "ColuiCheOsserva"
[23/12/22, 00:02] [SKULL] _Xedo_ ha richiesto la testa di "Andr3wOnTilt"
[23/12/22, 00:02] [SKULL] _Xedo_ ha richiesto la testa di "_Xedo_"
[23/12/22, 00:02] [SKULL] _Xedo_ ha richiesto la testa di "ERYKA"
[23/12/22, 00:02] [SKULL] _Xedo_ ha richiesto la testa di "_EryKa_"
[23/12/22, 00:02] [SKULL] _Xedo_ ha richiesto la testa di "marco_not_found"
[23/12/22, 00:04] [SKULL] _Xedo_ ha richiesto la testa di "Log"
[23/12/22, 00:04] [SKULL] _Xedo_ ha richiesto la testa di "Stone"
[23/12/22, 00:04] [SKULL] _Xedo_ ha richiesto la testa di "Earth"
[23/12/22, 00:05] [SKULL] _Xedo_ ha richiesto la testa di "_Xedo_"
[15/01/23, 16:59] [SKULL] XedoIT ha richiesto la testa di "_Xedo_"
[15/01/23, 17:00] [SKULL] _Xedo_ ha richiesto la testa di "_Xedo_"
[15/01/23, 17:29] [SKULL] _Xedo_ ha richiesto la testa di "_Xedo_"
[18/01/23, 14:55] [SKULL] _Xedo_ ha richiesto la testa di "_Xedo_"
[18/01/23, 14:56] [SKULL] _Xedo_ ha richiesto la testa di "_Xedo_"
[18/01/23, 14:56] [SKULL] _Xedo_ ha richiesto la testa di "_Xedo_"
[18/01/23, 14:56] [SKULL] _Xedo_ ha richiesto la testa di "_Xedo_"
[18/01/23, 14:56] [SKULL] _Xedo_ ha richiesto la testa di "_Xedo_"
[18/01/23, 14:56] [SKULL] _Xedo_ ha richiesto la testa di "_Xedo_"
[18/01/23, 14:56] [SKULL] _Xedo_ ha richiesto la testa di "_Xedo_"
[18/01/23, 14:56] [SKULL] _Xedo_ ha richiesto la testa di "_EryKa_"
